2023-05-19 18:05:70 INFO  HomePage :52 - Enter the Job Title [[ChromeDriver: chrome on WINDOWS (b5e4a812bbfd77b509233eb7b90f9b78)] -> id: keywords]
2023-05-19 18:05:233 INFO  HomePage :57 - Enter the Location [[ChromeDriver: chrome on WINDOWS (b5e4a812bbfd77b509233eb7b90f9b78)] -> id: location]
2023-05-19 18:05:411 INFO  HomePage :63 - Select the distance [[ChromeDriver: chrome on WINDOWS (b5e4a812bbfd77b509233eb7b90f9b78)] -> id: distance]
2023-05-19 18:05:495 INFO  HomePage :68 - Click on More search option link [[ChromeDriver: chrome on WINDOWS (b5e4a812bbfd77b509233eb7b90f9b78)] -> id: toggle-hp-search]
2023-05-19 18:05:626 INFO  HomePage :73 - Enter Minimum Salary [[ChromeDriver: chrome on WINDOWS (b5e4a812bbfd77b509233eb7b90f9b78)] -> id: salarymin]
2023-05-19 18:05:758 INFO  HomePage :78 - Enter Maximum Salary [[ChromeDriver: chrome on WINDOWS (b5e4a812bbfd77b509233eb7b90f9b78)] -> id: salarymax]
2023-05-19 18:05:871 INFO  HomePage :83 - Select Salary Type[[ChromeDriver: chrome on WINDOWS (b5e4a812bbfd77b509233eb7b90f9b78)] -> id: salarytype]
2023-05-19 18:05:965 INFO  HomePage :88 - Select Job Type [[ChromeDriver: chrome on WINDOWS (b5e4a812bbfd77b509233eb7b90f9b78)] -> id: tempperm]
2023-05-19 18:05:60 INFO  HomePage :93 - Click on Find Job button [[ChromeDriver: chrome on WINDOWS (b5e4a812bbfd77b509233eb7b90f9b78)] -> xpath: //input[@value='Find Jobs']]
2023-05-19 19:05:946 INFO  HomePage :52 - Enter the Job Title [[ChromeDriver: chrome on WINDOWS (5020e3357348f3a5aa56003feb8c17eb)] -> id: keywords]
2023-05-19 19:05:93 INFO  HomePage :57 - Enter the Location [[ChromeDriver: chrome on WINDOWS (5020e3357348f3a5aa56003feb8c17eb)] -> id: location]
2023-05-19 19:05:272 INFO  HomePage :63 - Select the distance [[ChromeDriver: chrome on WINDOWS (5020e3357348f3a5aa56003feb8c17eb)] -> id: distance]
2023-05-19 19:05:359 INFO  HomePage :68 - Click on More search option link [[ChromeDriver: chrome on WINDOWS (5020e3357348f3a5aa56003feb8c17eb)] -> id: toggle-hp-search]
2023-05-19 19:05:536 INFO  HomePage :73 - Enter Minimum Salary [[ChromeDriver: chrome on WINDOWS (5020e3357348f3a5aa56003feb8c17eb)] -> id: salarymin]
2023-05-19 19:05:653 INFO  HomePage :78 - Enter Maximum Salary [[ChromeDriver: chrome on WINDOWS (5020e3357348f3a5aa56003feb8c17eb)] -> id: salarymax]
2023-05-19 19:05:773 INFO  HomePage :83 - Select Salary Type[[ChromeDriver: chrome on WINDOWS (5020e3357348f3a5aa56003feb8c17eb)] -> id: salarytype]
2023-05-19 19:05:884 INFO  HomePage :88 - Select Job Type [[ChromeDriver: chrome on WINDOWS (5020e3357348f3a5aa56003feb8c17eb)] -> id: tempperm]
2023-05-19 19:05:01 INFO  HomePage :93 - Click on Find Job button [[ChromeDriver: chrome on WINDOWS (5020e3357348f3a5aa56003feb8c17eb)] -> xpath: //input[@value='Find Jobs']]
2023-05-19 19:05:642 INFO  HomePage :52 - Enter the Job Title [[ChromeDriver: chrome on WINDOWS (4147e315c0f355e785892d0d963b3cd2)] -> id: keywords]
2023-05-19 19:05:746 INFO  HomePage :57 - Enter the Location [[ChromeDriver: chrome on WINDOWS (4147e315c0f355e785892d0d963b3cd2)] -> id: location]
2023-05-19 19:05:886 INFO  HomePage :63 - Select the distance [[ChromeDriver: chrome on WINDOWS (4147e315c0f355e785892d0d963b3cd2)] -> id: distance]
2023-05-19 19:05:974 INFO  HomePage :68 - Click on More search option link [[ChromeDriver: chrome on WINDOWS (4147e315c0f355e785892d0d963b3cd2)] -> id: toggle-hp-search]
2023-05-19 19:05:172 INFO  HomePage :73 - Enter Minimum Salary [[ChromeDriver: chrome on WINDOWS (4147e315c0f355e785892d0d963b3cd2)] -> id: salarymin]
2023-05-19 19:05:283 INFO  HomePage :78 - Enter Maximum Salary [[ChromeDriver: chrome on WINDOWS (4147e315c0f355e785892d0d963b3cd2)] -> id: salarymax]
2023-05-19 19:05:414 INFO  HomePage :83 - Select Salary Type[[ChromeDriver: chrome on WINDOWS (4147e315c0f355e785892d0d963b3cd2)] -> id: salarytype]
2023-05-19 19:05:556 INFO  HomePage :88 - Select Job Type [[ChromeDriver: chrome on WINDOWS (4147e315c0f355e785892d0d963b3cd2)] -> id: tempperm]
2023-05-19 19:05:720 INFO  HomePage :93 - Click on Find Job button [[ChromeDriver: chrome on WINDOWS (4147e315c0f355e785892d0d963b3cd2)] -> xpath: //input[@value='Find Jobs']]
2023-05-19 19:05:198 INFO  HomePage :52 - Enter the Job Title [[ChromeDriver: chrome on WINDOWS (c53f0d181a26fa2a908e091fed37888b)] -> id: keywords]
2023-05-19 19:05:333 INFO  HomePage :57 - Enter the Location [[ChromeDriver: chrome on WINDOWS (c53f0d181a26fa2a908e091fed37888b)] -> id: location]
2023-05-19 19:05:490 INFO  HomePage :63 - Select the distance [[ChromeDriver: chrome on WINDOWS (c53f0d181a26fa2a908e091fed37888b)] -> id: distance]
2023-05-19 19:05:701 INFO  HomePage :68 - Click on More search option link [[ChromeDriver: chrome on WINDOWS (c53f0d181a26fa2a908e091fed37888b)] -> id: toggle-hp-search]
2023-05-19 19:05:862 INFO  HomePage :73 - Enter Minimum Salary [[ChromeDriver: chrome on WINDOWS (c53f0d181a26fa2a908e091fed37888b)] -> id: salarymin]
2023-05-19 19:05:971 INFO  HomePage :78 - Enter Maximum Salary [[ChromeDriver: chrome on WINDOWS (c53f0d181a26fa2a908e091fed37888b)] -> id: salarymax]
2023-05-19 19:05:89 INFO  HomePage :83 - Select Salary Type[[ChromeDriver: chrome on WINDOWS (c53f0d181a26fa2a908e091fed37888b)] -> id: salarytype]
2023-05-19 19:05:182 INFO  HomePage :88 - Select Job Type [[ChromeDriver: chrome on WINDOWS (c53f0d181a26fa2a908e091fed37888b)] -> id: tempperm]
2023-05-19 19:05:291 INFO  HomePage :93 - Click on Find Job button [[ChromeDriver: chrome on WINDOWS (c53f0d181a26fa2a908e091fed37888b)] -> xpath: //input[@value='Find Jobs']]
2023-05-19 19:05:698 INFO  HomePage :52 - Enter the Job Title [[ChromeDriver: chrome on WINDOWS (d8edd3fc22d0c26c831cab73f693c08d)] -> id: keywords]
2023-05-19 19:05:816 INFO  HomePage :57 - Enter the Location [[ChromeDriver: chrome on WINDOWS (d8edd3fc22d0c26c831cab73f693c08d)] -> id: location]
2023-05-19 19:05:956 INFO  HomePage :63 - Select the distance [[ChromeDriver: chrome on WINDOWS (d8edd3fc22d0c26c831cab73f693c08d)] -> id: distance]
2023-05-19 19:05:53 INFO  HomePage :68 - Click on More search option link [[ChromeDriver: chrome on WINDOWS (d8edd3fc22d0c26c831cab73f693c08d)] -> id: toggle-hp-search]
2023-05-19 19:05:204 INFO  HomePage :73 - Enter Minimum Salary [[ChromeDriver: chrome on WINDOWS (d8edd3fc22d0c26c831cab73f693c08d)] -> id: salarymin]
2023-05-19 19:05:319 INFO  HomePage :78 - Enter Maximum Salary [[ChromeDriver: chrome on WINDOWS (d8edd3fc22d0c26c831cab73f693c08d)] -> id: salarymax]
2023-05-19 19:05:427 INFO  HomePage :83 - Select Salary Type[[ChromeDriver: chrome on WINDOWS (d8edd3fc22d0c26c831cab73f693c08d)] -> id: salarytype]
2023-05-19 19:05:541 INFO  HomePage :88 - Select Job Type [[ChromeDriver: chrome on WINDOWS (d8edd3fc22d0c26c831cab73f693c08d)] -> id: tempperm]
2023-05-19 19:05:669 INFO  HomePage :93 - Click on Find Job button [[ChromeDriver: chrome on WINDOWS (d8edd3fc22d0c26c831cab73f693c08d)] -> xpath: //input[@value='Find Jobs']]
2023-05-19 19:05:921 INFO  HomePage :52 - Enter the Job Title [[ChromeDriver: chrome on WINDOWS (acbcf886bf539e9f9b694ae8f333d85f)] -> id: keywords]
2023-05-19 19:05:78 INFO  HomePage :57 - Enter the Location [[ChromeDriver: chrome on WINDOWS (acbcf886bf539e9f9b694ae8f333d85f)] -> id: location]
2023-05-19 19:05:235 INFO  HomePage :63 - Select the distance [[ChromeDriver: chrome on WINDOWS (acbcf886bf539e9f9b694ae8f333d85f)] -> id: distance]
2023-05-19 19:05:323 INFO  HomePage :68 - Click on More search option link [[ChromeDriver: chrome on WINDOWS (acbcf886bf539e9f9b694ae8f333d85f)] -> id: toggle-hp-search]
2023-05-19 19:05:495 INFO  HomePage :73 - Enter Minimum Salary [[ChromeDriver: chrome on WINDOWS (acbcf886bf539e9f9b694ae8f333d85f)] -> id: salarymin]
2023-05-19 19:05:622 INFO  HomePage :78 - Enter Maximum Salary [[ChromeDriver: chrome on WINDOWS (acbcf886bf539e9f9b694ae8f333d85f)] -> id: salarymax]
2023-05-19 19:05:744 INFO  HomePage :83 - Select Salary Type[[ChromeDriver: chrome on WINDOWS (acbcf886bf539e9f9b694ae8f333d85f)] -> id: salarytype]
2023-05-19 19:05:832 INFO  HomePage :88 - Select Job Type [[ChromeDriver: chrome on WINDOWS (acbcf886bf539e9f9b694ae8f333d85f)] -> id: tempperm]
2023-05-19 19:05:960 INFO  HomePage :93 - Click on Find Job button [[ChromeDriver: chrome on WINDOWS (acbcf886bf539e9f9b694ae8f333d85f)] -> xpath: //input[@value='Find Jobs']]
2023-05-19 19:05:312 INFO  HomePage :52 - Enter the Job Title [[ChromeDriver: chrome on WINDOWS (dda7e8393c2430ea4101e3eb5e96b713)] -> id: keywords]
2023-05-19 19:05:447 INFO  HomePage :57 - Enter the Location [[ChromeDriver: chrome on WINDOWS (dda7e8393c2430ea4101e3eb5e96b713)] -> id: location]
2023-05-19 19:05:530 INFO  HomePage :63 - Select the distance [[ChromeDriver: chrome on WINDOWS (dda7e8393c2430ea4101e3eb5e96b713)] -> id: distance]
2023-05-19 19:05:629 INFO  HomePage :68 - Click on More search option link [[ChromeDriver: chrome on WINDOWS (dda7e8393c2430ea4101e3eb5e96b713)] -> id: toggle-hp-search]
2023-05-19 19:05:812 INFO  HomePage :73 - Enter Minimum Salary [[ChromeDriver: chrome on WINDOWS (dda7e8393c2430ea4101e3eb5e96b713)] -> id: salarymin]
2023-05-19 19:05:889 INFO  HomePage :78 - Enter Maximum Salary [[ChromeDriver: chrome on WINDOWS (dda7e8393c2430ea4101e3eb5e96b713)] -> id: salarymax]
2023-05-19 19:05:18 INFO  HomePage :83 - Select Salary Type[[ChromeDriver: chrome on WINDOWS (dda7e8393c2430ea4101e3eb5e96b713)] -> id: salarytype]
2023-05-19 19:05:108 INFO  HomePage :88 - Select Job Type [[ChromeDriver: chrome on WINDOWS (dda7e8393c2430ea4101e3eb5e96b713)] -> id: tempperm]
2023-05-19 19:05:210 INFO  HomePage :93 - Click on Find Job button [[ChromeDriver: chrome on WINDOWS (dda7e8393c2430ea4101e3eb5e96b713)] -> xpath: //input[@value='Find Jobs']]
2023-05-19 19:05:604 INFO  HomePage :55 - Enter the Job Title [[ChromeDriver: chrome on WINDOWS (344b92822b6d127cd4ab59b3fc312a50)] -> id: keywords]
2023-05-19 19:05:735 INFO  HomePage :60 - Enter the Location [[ChromeDriver: chrome on WINDOWS (344b92822b6d127cd4ab59b3fc312a50)] -> id: location]
2023-05-19 19:05:921 INFO  HomePage :66 - Select the distance [[ChromeDriver: chrome on WINDOWS (344b92822b6d127cd4ab59b3fc312a50)] -> id: distance]
2023-05-19 19:05:28 INFO  HomePage :71 - Click on More search option link [[ChromeDriver: chrome on WINDOWS (344b92822b6d127cd4ab59b3fc312a50)] -> id: toggle-hp-search]
2023-05-19 19:05:191 INFO  HomePage :76 - Enter Minimum Salary [[ChromeDriver: chrome on WINDOWS (344b92822b6d127cd4ab59b3fc312a50)] -> id: salarymin]
2023-05-19 19:05:303 INFO  HomePage :81 - Enter Maximum Salary [[ChromeDriver: chrome on WINDOWS (344b92822b6d127cd4ab59b3fc312a50)] -> id: salarymax]
2023-05-19 19:05:420 INFO  HomePage :86 - Select Salary Type[[ChromeDriver: chrome on WINDOWS (344b92822b6d127cd4ab59b3fc312a50)] -> id: salarytype]
2023-05-19 19:05:531 INFO  HomePage :91 - Select Job Type [[ChromeDriver: chrome on WINDOWS (344b92822b6d127cd4ab59b3fc312a50)] -> id: tempperm]
2023-05-19 19:05:647 INFO  HomePage :96 - Click on Find Job button [[ChromeDriver: chrome on WINDOWS (344b92822b6d127cd4ab59b3fc312a50)] -> xpath: //input[@value='Find Jobs']]
2023-05-19 19:05:272 INFO  HomePage :55 - Enter the Job Title [[ChromeDriver: chrome on WINDOWS (d47a9af55dbe7a2d5b58bc173cf09da2)] -> id: keywords]
2023-05-19 19:05:399 INFO  HomePage :60 - Enter the Location [[ChromeDriver: chrome on WINDOWS (d47a9af55dbe7a2d5b58bc173cf09da2)] -> id: location]
2023-05-19 19:05:560 INFO  HomePage :66 - Select the distance [[ChromeDriver: chrome on WINDOWS (d47a9af55dbe7a2d5b58bc173cf09da2)] -> id: distance]
2023-05-19 19:05:666 INFO  HomePage :71 - Click on More search option link [[ChromeDriver: chrome on WINDOWS (d47a9af55dbe7a2d5b58bc173cf09da2)] -> id: toggle-hp-search]
2023-05-19 19:05:828 INFO  HomePage :76 - Enter Minimum Salary [[ChromeDriver: chrome on WINDOWS (d47a9af55dbe7a2d5b58bc173cf09da2)] -> id: salarymin]
2023-05-19 19:05:941 INFO  HomePage :81 - Enter Maximum Salary [[ChromeDriver: chrome on WINDOWS (d47a9af55dbe7a2d5b58bc173cf09da2)] -> id: salarymax]
2023-05-19 19:05:47 INFO  HomePage :86 - Select Salary Type[[ChromeDriver: chrome on WINDOWS (d47a9af55dbe7a2d5b58bc173cf09da2)] -> id: salarytype]
2023-05-19 19:05:149 INFO  HomePage :91 - Select Job Type [[ChromeDriver: chrome on WINDOWS (d47a9af55dbe7a2d5b58bc173cf09da2)] -> id: tempperm]
2023-05-19 19:05:264 INFO  HomePage :96 - Click on Find Job button [[ChromeDriver: chrome on WINDOWS (d47a9af55dbe7a2d5b58bc173cf09da2)] -> xpath: //input[@value='Find Jobs']]
2023-05-19 19:05:102 INFO  HomePage :55 - Enter the Job Title [[ChromeDriver: chrome on WINDOWS (e5a6e178b2e60392e713bc8c5c88daca)] -> id: keywords]
2023-05-19 19:05:247 INFO  HomePage :60 - Enter the Location [[ChromeDriver: chrome on WINDOWS (e5a6e178b2e60392e713bc8c5c88daca)] -> id: location]
2023-05-19 19:05:410 INFO  HomePage :66 - Select the distance [[ChromeDriver: chrome on WINDOWS (e5a6e178b2e60392e713bc8c5c88daca)] -> id: distance]
2023-05-19 19:05:575 INFO  HomePage :71 - Click on More search option link [[ChromeDriver: chrome on WINDOWS (e5a6e178b2e60392e713bc8c5c88daca)] -> id: toggle-hp-search]
2023-05-19 19:05:735 INFO  HomePage :76 - Enter Minimum Salary [[ChromeDriver: chrome on WINDOWS (e5a6e178b2e60392e713bc8c5c88daca)] -> id: salarymin]
2023-05-19 19:05:834 INFO  HomePage :81 - Enter Maximum Salary [[ChromeDriver: chrome on WINDOWS (e5a6e178b2e60392e713bc8c5c88daca)] -> id: salarymax]
2023-05-19 19:05:944 INFO  HomePage :86 - Select Salary Type[[ChromeDriver: chrome on WINDOWS (e5a6e178b2e60392e713bc8c5c88daca)] -> id: salarytype]
2023-05-19 19:05:37 INFO  HomePage :91 - Select Job Type [[ChromeDriver: chrome on WINDOWS (e5a6e178b2e60392e713bc8c5c88daca)] -> id: tempperm]
2023-05-19 19:05:139 INFO  HomePage :96 - Click on Find Job button [[ChromeDriver: chrome on WINDOWS (e5a6e178b2e60392e713bc8c5c88daca)] -> xpath: //input[@value='Find Jobs']]
2023-05-19 19:05:348 INFO  HomePage :55 - Enter the Job Title [[ChromeDriver: chrome on WINDOWS (b5a1fd9408b4bd40ef69513ae598e9b5)] -> id: keywords]
2023-05-19 19:05:483 INFO  HomePage :60 - Enter the Location [[ChromeDriver: chrome on WINDOWS (b5a1fd9408b4bd40ef69513ae598e9b5)] -> id: location]
2023-05-19 19:05:640 INFO  HomePage :66 - Select the distance [[ChromeDriver: chrome on WINDOWS (b5a1fd9408b4bd40ef69513ae598e9b5)] -> id: distance]
2023-05-19 19:05:728 INFO  HomePage :71 - Click on More search option link [[ChromeDriver: chrome on WINDOWS (b5a1fd9408b4bd40ef69513ae598e9b5)] -> id: toggle-hp-search]
2023-05-19 19:05:890 INFO  HomePage :76 - Enter Minimum Salary [[ChromeDriver: chrome on WINDOWS (b5a1fd9408b4bd40ef69513ae598e9b5)] -> id: salarymin]
2023-05-19 19:05:993 INFO  HomePage :81 - Enter Maximum Salary [[ChromeDriver: chrome on WINDOWS (b5a1fd9408b4bd40ef69513ae598e9b5)] -> id: salarymax]
2023-05-19 19:05:98 INFO  HomePage :86 - Select Salary Type[[ChromeDriver: chrome on WINDOWS (b5a1fd9408b4bd40ef69513ae598e9b5)] -> id: salarytype]
2023-05-19 19:05:183 INFO  HomePage :91 - Select Job Type [[ChromeDriver: chrome on WINDOWS (b5a1fd9408b4bd40ef69513ae598e9b5)] -> id: tempperm]
2023-05-19 19:05:281 INFO  HomePage :96 - Click on Find Job button [[ChromeDriver: chrome on WINDOWS (b5a1fd9408b4bd40ef69513ae598e9b5)] -> xpath: //input[@value='Find Jobs']]
2023-05-19 19:05:520 INFO  HomePage :55 - Enter the Job Title [[ChromeDriver: chrome on WINDOWS (5d1103ae7d35036b6dd34e053a0545bc)] -> id: keywords]
2023-05-19 19:05:677 INFO  HomePage :60 - Enter the Location [[ChromeDriver: chrome on WINDOWS (5d1103ae7d35036b6dd34e053a0545bc)] -> id: location]
2023-05-19 19:05:826 INFO  HomePage :66 - Select the distance [[ChromeDriver: chrome on WINDOWS (5d1103ae7d35036b6dd34e053a0545bc)] -> id: distance]
2023-05-19 19:05:932 INFO  HomePage :71 - Click on More search option link [[ChromeDriver: chrome on WINDOWS (5d1103ae7d35036b6dd34e053a0545bc)] -> id: toggle-hp-search]
2023-05-19 19:05:156 INFO  HomePage :76 - Enter Minimum Salary [[ChromeDriver: chrome on WINDOWS (5d1103ae7d35036b6dd34e053a0545bc)] -> id: salarymin]
2023-05-19 19:05:250 INFO  HomePage :81 - Enter Maximum Salary [[ChromeDriver: chrome on WINDOWS (5d1103ae7d35036b6dd34e053a0545bc)] -> id: salarymax]
2023-05-19 19:05:360 INFO  HomePage :86 - Select Salary Type[[ChromeDriver: chrome on WINDOWS (5d1103ae7d35036b6dd34e053a0545bc)] -> id: salarytype]
2023-05-19 19:05:449 INFO  HomePage :91 - Select Job Type [[ChromeDriver: chrome on WINDOWS (5d1103ae7d35036b6dd34e053a0545bc)] -> id: tempperm]
2023-05-19 19:05:558 INFO  HomePage :96 - Click on Find Job button [[ChromeDriver: chrome on WINDOWS (5d1103ae7d35036b6dd34e053a0545bc)] -> xpath: //input[@value='Find Jobs']]
2023-05-19 19:05:447 INFO  HomePage :55 - Enter the Job Title [[ChromeDriver: chrome on WINDOWS (53c636428c7f9774ab1f93e2c84a139a)] -> id: keywords]
2023-05-19 19:05:566 INFO  HomePage :60 - Enter the Location [[ChromeDriver: chrome on WINDOWS (53c636428c7f9774ab1f93e2c84a139a)] -> id: location]
2023-05-19 19:05:650 INFO  HomePage :66 - Select the distance [[ChromeDriver: chrome on WINDOWS (53c636428c7f9774ab1f93e2c84a139a)] -> id: distance]
2023-05-19 19:05:748 INFO  HomePage :71 - Click on More search option link [[ChromeDriver: chrome on WINDOWS (53c636428c7f9774ab1f93e2c84a139a)] -> id: toggle-hp-search]
2023-05-19 19:05:916 INFO  HomePage :76 - Enter Minimum Salary [[ChromeDriver: chrome on WINDOWS (53c636428c7f9774ab1f93e2c84a139a)] -> id: salarymin]
2023-05-19 19:05:16 INFO  HomePage :81 - Enter Maximum Salary [[ChromeDriver: chrome on WINDOWS (53c636428c7f9774ab1f93e2c84a139a)] -> id: salarymax]
2023-05-19 19:05:146 INFO  HomePage :86 - Select Salary Type[[ChromeDriver: chrome on WINDOWS (53c636428c7f9774ab1f93e2c84a139a)] -> id: salarytype]
2023-05-19 19:05:228 INFO  HomePage :91 - Select Job Type [[ChromeDriver: chrome on WINDOWS (53c636428c7f9774ab1f93e2c84a139a)] -> id: tempperm]
2023-05-19 19:05:330 INFO  HomePage :96 - Click on Find Job button [[ChromeDriver: chrome on WINDOWS (53c636428c7f9774ab1f93e2c84a139a)] -> xpath: //input[@value='Find Jobs']]
2023-05-19 20:05:888 INFO  HomePage :55 - Enter the Job Title [[ChromeDriver: chrome on WINDOWS (18e5bdca3172ee6f001b9dd89e4d994a)] -> id: keywords]
2023-05-19 20:05:46 INFO  HomePage :60 - Enter the Location [[ChromeDriver: chrome on WINDOWS (18e5bdca3172ee6f001b9dd89e4d994a)] -> id: location]
2023-05-19 20:05:241 INFO  HomePage :66 - Select the distance [[ChromeDriver: chrome on WINDOWS (18e5bdca3172ee6f001b9dd89e4d994a)] -> id: distance]
2023-05-19 20:05:357 INFO  HomePage :71 - Click on More search option link [[ChromeDriver: chrome on WINDOWS (18e5bdca3172ee6f001b9dd89e4d994a)] -> id: toggle-hp-search]
2023-05-19 20:05:546 INFO  HomePage :76 - Enter Minimum Salary [[ChromeDriver: chrome on WINDOWS (18e5bdca3172ee6f001b9dd89e4d994a)] -> id: salarymin]
2023-05-19 20:05:656 INFO  HomePage :81 - Enter Maximum Salary [[ChromeDriver: chrome on WINDOWS (18e5bdca3172ee6f001b9dd89e4d994a)] -> id: salarymax]
2023-05-19 20:05:765 INFO  HomePage :86 - Select Salary Type[[ChromeDriver: chrome on WINDOWS (18e5bdca3172ee6f001b9dd89e4d994a)] -> id: salarytype]
2023-05-19 20:05:873 INFO  HomePage :91 - Select Job Type [[ChromeDriver: chrome on WINDOWS (18e5bdca3172ee6f001b9dd89e4d994a)] -> id: tempperm]
2023-05-19 20:05:994 INFO  HomePage :96 - Click on Find Job button [[ChromeDriver: chrome on WINDOWS (18e5bdca3172ee6f001b9dd89e4d994a)] -> xpath: //input[@value='Find Jobs']]
2023-05-19 20:05:814 INFO  HomePage :55 - Enter the Job Title [[ChromeDriver: chrome on WINDOWS (631d53e34da15cdec2d2939ef2b7036b)] -> id: keywords]
2023-05-19 20:05:928 INFO  HomePage :60 - Enter the Location [[ChromeDriver: chrome on WINDOWS (631d53e34da15cdec2d2939ef2b7036b)] -> id: location]
2023-05-19 20:05:92 INFO  HomePage :66 - Select the distance [[ChromeDriver: chrome on WINDOWS (631d53e34da15cdec2d2939ef2b7036b)] -> id: distance]
2023-05-19 20:05:175 INFO  HomePage :71 - Click on More search option link [[ChromeDriver: chrome on WINDOWS (631d53e34da15cdec2d2939ef2b7036b)] -> id: toggle-hp-search]
2023-05-19 20:05:369 INFO  HomePage :76 - Enter Minimum Salary [[ChromeDriver: chrome on WINDOWS (631d53e34da15cdec2d2939ef2b7036b)] -> id: salarymin]
2023-05-19 20:05:480 INFO  HomePage :81 - Enter Maximum Salary [[ChromeDriver: chrome on WINDOWS (631d53e34da15cdec2d2939ef2b7036b)] -> id: salarymax]
2023-05-19 20:05:591 INFO  HomePage :86 - Select Salary Type[[ChromeDriver: chrome on WINDOWS (631d53e34da15cdec2d2939ef2b7036b)] -> id: salarytype]
2023-05-19 20:05:712 INFO  HomePage :91 - Select Job Type [[ChromeDriver: chrome on WINDOWS (631d53e34da15cdec2d2939ef2b7036b)] -> id: tempperm]
2023-05-19 20:05:823 INFO  HomePage :96 - Click on Find Job button [[ChromeDriver: chrome on WINDOWS (631d53e34da15cdec2d2939ef2b7036b)] -> xpath: //input[@value='Find Jobs']]
2023-05-19 20:05:831 INFO  HomePage :55 - Enter the Job Title [[ChromeDriver: chrome on WINDOWS (3dc64c58d3e814d12ea69839e1f0f955)] -> id: keywords]
2023-05-19 20:05:972 INFO  HomePage :60 - Enter the Location [[ChromeDriver: chrome on WINDOWS (3dc64c58d3e814d12ea69839e1f0f955)] -> id: location]
2023-05-19 20:05:130 INFO  HomePage :66 - Select the distance [[ChromeDriver: chrome on WINDOWS (3dc64c58d3e814d12ea69839e1f0f955)] -> id: distance]
2023-05-19 20:05:297 INFO  HomePage :71 - Click on More search option link [[ChromeDriver: chrome on WINDOWS (3dc64c58d3e814d12ea69839e1f0f955)] -> id: toggle-hp-search]
2023-05-19 20:05:484 INFO  HomePage :76 - Enter Minimum Salary [[ChromeDriver: chrome on WINDOWS (3dc64c58d3e814d12ea69839e1f0f955)] -> id: salarymin]
2023-05-19 20:05:588 INFO  HomePage :81 - Enter Maximum Salary [[ChromeDriver: chrome on WINDOWS (3dc64c58d3e814d12ea69839e1f0f955)] -> id: salarymax]
2023-05-19 20:05:699 INFO  HomePage :86 - Select Salary Type[[ChromeDriver: chrome on WINDOWS (3dc64c58d3e814d12ea69839e1f0f955)] -> id: salarytype]
2023-05-19 20:05:804 INFO  HomePage :91 - Select Job Type [[ChromeDriver: chrome on WINDOWS (3dc64c58d3e814d12ea69839e1f0f955)] -> id: tempperm]
2023-05-19 20:05:922 INFO  HomePage :96 - Click on Find Job button [[ChromeDriver: chrome on WINDOWS (3dc64c58d3e814d12ea69839e1f0f955)] -> xpath: //input[@value='Find Jobs']]
2023-05-19 20:05:971 INFO  HomePage :55 - Enter the Job Title [[ChromeDriver: chrome on WINDOWS (a160e7596e4cd8b483ae7d295a9543f5)] -> id: keywords]
2023-05-19 20:05:97 INFO  HomePage :60 - Enter the Location [[ChromeDriver: chrome on WINDOWS (a160e7596e4cd8b483ae7d295a9543f5)] -> id: location]
2023-05-19 20:05:240 INFO  HomePage :66 - Select the distance [[ChromeDriver: chrome on WINDOWS (a160e7596e4cd8b483ae7d295a9543f5)] -> id: distance]
2023-05-19 20:05:341 INFO  HomePage :71 - Click on More search option link [[ChromeDriver: chrome on WINDOWS (a160e7596e4cd8b483ae7d295a9543f5)] -> id: toggle-hp-search]
2023-05-19 20:05:526 INFO  HomePage :76 - Enter Minimum Salary [[ChromeDriver: chrome on WINDOWS (a160e7596e4cd8b483ae7d295a9543f5)] -> id: salarymin]
2023-05-19 20:05:635 INFO  HomePage :81 - Enter Maximum Salary [[ChromeDriver: chrome on WINDOWS (a160e7596e4cd8b483ae7d295a9543f5)] -> id: salarymax]
2023-05-19 20:05:746 INFO  HomePage :86 - Select Salary Type[[ChromeDriver: chrome on WINDOWS (a160e7596e4cd8b483ae7d295a9543f5)] -> id: salarytype]
2023-05-19 20:05:852 INFO  HomePage :91 - Select Job Type [[ChromeDriver: chrome on WINDOWS (a160e7596e4cd8b483ae7d295a9543f5)] -> id: tempperm]
2023-05-19 20:05:961 INFO  HomePage :96 - Click on Find Job button [[ChromeDriver: chrome on WINDOWS (a160e7596e4cd8b483ae7d295a9543f5)] -> xpath: //input[@value='Find Jobs']]
2023-05-19 20:05:554 INFO  HomePage :55 - Enter the Job Title [[ChromeDriver: chrome on WINDOWS (9e6ad77f7d36456fd9a541bf32c2a89c)] -> id: keywords]
2023-05-19 20:05:675 INFO  HomePage :60 - Enter the Location [[ChromeDriver: chrome on WINDOWS (9e6ad77f7d36456fd9a541bf32c2a89c)] -> id: location]
2023-05-19 20:05:825 INFO  HomePage :66 - Select the distance [[ChromeDriver: chrome on WINDOWS (9e6ad77f7d36456fd9a541bf32c2a89c)] -> id: distance]
2023-05-19 20:05:923 INFO  HomePage :71 - Click on More search option link [[ChromeDriver: chrome on WINDOWS (9e6ad77f7d36456fd9a541bf32c2a89c)] -> id: toggle-hp-search]
2023-05-19 20:05:107 INFO  HomePage :76 - Enter Minimum Salary [[ChromeDriver: chrome on WINDOWS (9e6ad77f7d36456fd9a541bf32c2a89c)] -> id: salarymin]
2023-05-19 20:05:227 INFO  HomePage :81 - Enter Maximum Salary [[ChromeDriver: chrome on WINDOWS (9e6ad77f7d36456fd9a541bf32c2a89c)] -> id: salarymax]
2023-05-19 20:05:344 INFO  HomePage :86 - Select Salary Type[[ChromeDriver: chrome on WINDOWS (9e6ad77f7d36456fd9a541bf32c2a89c)] -> id: salarytype]
2023-05-19 20:05:444 INFO  HomePage :91 - Select Job Type [[ChromeDriver: chrome on WINDOWS (9e6ad77f7d36456fd9a541bf32c2a89c)] -> id: tempperm]
2023-05-19 20:05:561 INFO  HomePage :96 - Click on Find Job button [[ChromeDriver: chrome on WINDOWS (9e6ad77f7d36456fd9a541bf32c2a89c)] -> xpath: //input[@value='Find Jobs']]
2023-05-19 20:05:28 INFO  HomePage :55 - Enter the Job Title [[ChromeDriver: chrome on WINDOWS (b4f40e8b67e855cec149abaf74638d97)] -> id: keywords]
2023-05-19 20:05:174 INFO  HomePage :60 - Enter the Location [[ChromeDriver: chrome on WINDOWS (b4f40e8b67e855cec149abaf74638d97)] -> id: location]
2023-05-19 20:05:264 INFO  HomePage :66 - Select the distance [[ChromeDriver: chrome on WINDOWS (b4f40e8b67e855cec149abaf74638d97)] -> id: distance]
2023-05-19 20:05:390 INFO  HomePage :71 - Click on More search option link [[ChromeDriver: chrome on WINDOWS (b4f40e8b67e855cec149abaf74638d97)] -> id: toggle-hp-search]
2023-05-19 20:05:590 INFO  HomePage :76 - Enter Minimum Salary [[ChromeDriver: chrome on WINDOWS (b4f40e8b67e855cec149abaf74638d97)] -> id: salarymin]
2023-05-19 20:05:695 INFO  HomePage :81 - Enter Maximum Salary [[ChromeDriver: chrome on WINDOWS (b4f40e8b67e855cec149abaf74638d97)] -> id: salarymax]
2023-05-19 20:05:843 INFO  HomePage :86 - Select Salary Type[[ChromeDriver: chrome on WINDOWS (b4f40e8b67e855cec149abaf74638d97)] -> id: salarytype]
2023-05-19 20:05:940 INFO  HomePage :91 - Select Job Type [[ChromeDriver: chrome on WINDOWS (b4f40e8b67e855cec149abaf74638d97)] -> id: tempperm]
2023-05-19 20:05:69 INFO  HomePage :96 - Click on Find Job button [[ChromeDriver: chrome on WINDOWS (b4f40e8b67e855cec149abaf74638d97)] -> xpath: //input[@value='Find Jobs']]
2023-05-19 20:05:289 INFO  HomePage :55 - Enter the Job Title [[ChromeDriver: chrome on WINDOWS (5c617ee548edeef34e9e1a1c264f0c2d)] -> id: keywords]
2023-05-19 20:05:436 INFO  HomePage :60 - Enter the Location [[ChromeDriver: chrome on WINDOWS (5c617ee548edeef34e9e1a1c264f0c2d)] -> id: location]
2023-05-19 20:05:615 INFO  HomePage :66 - Select the distance [[ChromeDriver: chrome on WINDOWS (5c617ee548edeef34e9e1a1c264f0c2d)] -> id: distance]
2023-05-19 20:05:727 INFO  HomePage :71 - Click on More search option link [[ChromeDriver: chrome on WINDOWS (5c617ee548edeef34e9e1a1c264f0c2d)] -> id: toggle-hp-search]
2023-05-19 20:05:934 INFO  HomePage :76 - Enter Minimum Salary [[ChromeDriver: chrome on WINDOWS (5c617ee548edeef34e9e1a1c264f0c2d)] -> id: salarymin]
2023-05-19 20:05:50 INFO  HomePage :81 - Enter Maximum Salary [[ChromeDriver: chrome on WINDOWS (5c617ee548edeef34e9e1a1c264f0c2d)] -> id: salarymax]
2023-05-19 20:05:162 INFO  HomePage :86 - Select Salary Type[[ChromeDriver: chrome on WINDOWS (5c617ee548edeef34e9e1a1c264f0c2d)] -> id: salarytype]
2023-05-19 20:05:266 INFO  HomePage :91 - Select Job Type [[ChromeDriver: chrome on WINDOWS (5c617ee548edeef34e9e1a1c264f0c2d)] -> id: tempperm]
2023-05-19 20:05:383 INFO  HomePage :96 - Click on Find Job button [[ChromeDriver: chrome on WINDOWS (5c617ee548edeef34e9e1a1c264f0c2d)] -> xpath: //input[@value='Find Jobs']]
2023-05-19 20:05:870 INFO  HomePage :55 - Enter the Job Title [[ChromeDriver: chrome on WINDOWS (95e4b141bd0e50c6c6dd64b903e14502)] -> id: keywords]
2023-05-19 20:05:18 INFO  HomePage :60 - Enter the Location [[ChromeDriver: chrome on WINDOWS (95e4b141bd0e50c6c6dd64b903e14502)] -> id: location]
2023-05-19 20:05:188 INFO  HomePage :66 - Select the distance [[ChromeDriver: chrome on WINDOWS (95e4b141bd0e50c6c6dd64b903e14502)] -> id: distance]
2023-05-19 20:05:289 INFO  HomePage :71 - Click on More search option link [[ChromeDriver: chrome on WINDOWS (95e4b141bd0e50c6c6dd64b903e14502)] -> id: toggle-hp-search]
2023-05-19 20:05:468 INFO  HomePage :76 - Enter Minimum Salary [[ChromeDriver: chrome on WINDOWS (95e4b141bd0e50c6c6dd64b903e14502)] -> id: salarymin]
2023-05-19 20:05:583 INFO  HomePage :81 - Enter Maximum Salary [[ChromeDriver: chrome on WINDOWS (95e4b141bd0e50c6c6dd64b903e14502)] -> id: salarymax]
2023-05-19 20:05:705 INFO  HomePage :86 - Select Salary Type[[ChromeDriver: chrome on WINDOWS (95e4b141bd0e50c6c6dd64b903e14502)] -> id: salarytype]
2023-05-19 20:05:811 INFO  HomePage :91 - Select Job Type [[ChromeDriver: chrome on WINDOWS (95e4b141bd0e50c6c6dd64b903e14502)] -> id: tempperm]
2023-05-19 20:05:919 INFO  HomePage :96 - Click on Find Job button [[ChromeDriver: chrome on WINDOWS (95e4b141bd0e50c6c6dd64b903e14502)] -> xpath: //input[@value='Find Jobs']]
2023-05-19 20:05:410 INFO  HomePage :55 - Enter the Job Title [[ChromeDriver: chrome on WINDOWS (d53ad382fc3c83141ed45c29183ebb49)] -> id: keywords]
2023-05-19 20:05:538 INFO  HomePage :60 - Enter the Location [[ChromeDriver: chrome on WINDOWS (d53ad382fc3c83141ed45c29183ebb49)] -> id: location]
2023-05-19 20:05:687 INFO  HomePage :66 - Select the distance [[ChromeDriver: chrome on WINDOWS (d53ad382fc3c83141ed45c29183ebb49)] -> id: distance]
2023-05-19 20:05:916 INFO  HomePage :71 - Click on More search option link [[ChromeDriver: chrome on WINDOWS (d53ad382fc3c83141ed45c29183ebb49)] -> id: toggle-hp-search]
2023-05-19 20:05:79 INFO  HomePage :76 - Enter Minimum Salary [[ChromeDriver: chrome on WINDOWS (d53ad382fc3c83141ed45c29183ebb49)] -> id: salarymin]
2023-05-19 20:05:217 INFO  HomePage :81 - Enter Maximum Salary [[ChromeDriver: chrome on WINDOWS (d53ad382fc3c83141ed45c29183ebb49)] -> id: salarymax]
2023-05-19 20:05:342 INFO  HomePage :86 - Select Salary Type[[ChromeDriver: chrome on WINDOWS (d53ad382fc3c83141ed45c29183ebb49)] -> id: salarytype]
2023-05-19 20:05:455 INFO  HomePage :91 - Select Job Type [[ChromeDriver: chrome on WINDOWS (d53ad382fc3c83141ed45c29183ebb49)] -> id: tempperm]
2023-05-19 20:05:579 INFO  HomePage :96 - Click on Find Job button [[ChromeDriver: chrome on WINDOWS (d53ad382fc3c83141ed45c29183ebb49)] -> xpath: //input[@value='Find Jobs']]
2023-05-19 20:05:219 INFO  HomePage :55 - Enter the Job Title [[ChromeDriver: chrome on WINDOWS (abc4b753fd526fb024d69cb1aeed9e4d)] -> id: keywords]
2023-05-19 20:05:390 INFO  HomePage :60 - Enter the Location [[ChromeDriver: chrome on WINDOWS (abc4b753fd526fb024d69cb1aeed9e4d)] -> id: location]
2023-05-19 20:05:547 INFO  HomePage :66 - Select the distance [[ChromeDriver: chrome on WINDOWS (abc4b753fd526fb024d69cb1aeed9e4d)] -> id: distance]
2023-05-19 20:05:646 INFO  HomePage :71 - Click on More search option link [[ChromeDriver: chrome on WINDOWS (abc4b753fd526fb024d69cb1aeed9e4d)] -> id: toggle-hp-search]
2023-05-19 20:05:822 INFO  HomePage :76 - Enter Minimum Salary [[ChromeDriver: chrome on WINDOWS (abc4b753fd526fb024d69cb1aeed9e4d)] -> id: salarymin]
2023-05-19 20:05:929 INFO  HomePage :81 - Enter Maximum Salary [[ChromeDriver: chrome on WINDOWS (abc4b753fd526fb024d69cb1aeed9e4d)] -> id: salarymax]
2023-05-19 20:05:44 INFO  HomePage :86 - Select Salary Type[[ChromeDriver: chrome on WINDOWS (abc4b753fd526fb024d69cb1aeed9e4d)] -> id: salarytype]
2023-05-19 20:05:155 INFO  HomePage :91 - Select Job Type [[ChromeDriver: chrome on WINDOWS (abc4b753fd526fb024d69cb1aeed9e4d)] -> id: tempperm]
2023-05-19 20:05:262 INFO  HomePage :96 - Click on Find Job button [[ChromeDriver: chrome on WINDOWS (abc4b753fd526fb024d69cb1aeed9e4d)] -> xpath: //input[@value='Find Jobs']]
2023-05-19 20:05:865 INFO  HomePage :55 - Enter the Job Title [[ChromeDriver: chrome on WINDOWS (3ba04e6396e7880ff0f91d5c1aabe668)] -> id: keywords]
2023-05-19 20:05:06 INFO  HomePage :60 - Enter the Location [[ChromeDriver: chrome on WINDOWS (3ba04e6396e7880ff0f91d5c1aabe668)] -> id: location]
2023-05-19 20:05:184 INFO  HomePage :66 - Select the distance [[ChromeDriver: chrome on WINDOWS (3ba04e6396e7880ff0f91d5c1aabe668)] -> id: distance]
2023-05-19 20:05:285 INFO  HomePage :71 - Click on More search option link [[ChromeDriver: chrome on WINDOWS (3ba04e6396e7880ff0f91d5c1aabe668)] -> id: toggle-hp-search]
2023-05-19 20:05:483 INFO  HomePage :76 - Enter Minimum Salary [[ChromeDriver: chrome on WINDOWS (3ba04e6396e7880ff0f91d5c1aabe668)] -> id: salarymin]
2023-05-19 20:05:598 INFO  HomePage :81 - Enter Maximum Salary [[ChromeDriver: chrome on WINDOWS (3ba04e6396e7880ff0f91d5c1aabe668)] -> id: salarymax]
2023-05-19 20:05:701 INFO  HomePage :86 - Select Salary Type[[ChromeDriver: chrome on WINDOWS (3ba04e6396e7880ff0f91d5c1aabe668)] -> id: salarytype]
2023-05-19 20:05:797 INFO  HomePage :91 - Select Job Type [[ChromeDriver: chrome on WINDOWS (3ba04e6396e7880ff0f91d5c1aabe668)] -> id: tempperm]
2023-05-19 20:05:908 INFO  HomePage :96 - Click on Find Job button [[ChromeDriver: chrome on WINDOWS (3ba04e6396e7880ff0f91d5c1aabe668)] -> xpath: //input[@value='Find Jobs']]
2023-05-19 20:05:368 INFO  HomePage :55 - Enter the Job Title [[ChromeDriver: chrome on WINDOWS (a8427be0deeaf36eae20a086028dbf91)] -> id: keywords]
2023-05-19 20:05:521 INFO  HomePage :60 - Enter the Location [[ChromeDriver: chrome on WINDOWS (a8427be0deeaf36eae20a086028dbf91)] -> id: location]
2023-05-19 20:05:624 INFO  HomePage :66 - Select the distance [[ChromeDriver: chrome on WINDOWS (a8427be0deeaf36eae20a086028dbf91)] -> id: distance]
2023-05-19 20:05:722 INFO  HomePage :71 - Click on More search option link [[ChromeDriver: chrome on WINDOWS (a8427be0deeaf36eae20a086028dbf91)] -> id: toggle-hp-search]
2023-05-19 20:05:897 INFO  HomePage :76 - Enter Minimum Salary [[ChromeDriver: chrome on WINDOWS (a8427be0deeaf36eae20a086028dbf91)] -> id: salarymin]
2023-05-19 20:05:00 INFO  HomePage :81 - Enter Maximum Salary [[ChromeDriver: chrome on WINDOWS (a8427be0deeaf36eae20a086028dbf91)] -> id: salarymax]
2023-05-19 20:05:118 INFO  HomePage :86 - Select Salary Type[[ChromeDriver: chrome on WINDOWS (a8427be0deeaf36eae20a086028dbf91)] -> id: salarytype]
2023-05-19 20:05:214 INFO  HomePage :91 - Select Job Type [[ChromeDriver: chrome on WINDOWS (a8427be0deeaf36eae20a086028dbf91)] -> id: tempperm]
2023-05-19 20:05:318 INFO  HomePage :96 - Click on Find Job button [[ChromeDriver: chrome on WINDOWS (a8427be0deeaf36eae20a086028dbf91)] -> xpath: //input[@value='Find Jobs']]
2023-05-19 20:05:698 INFO  HomePage :55 - Enter the Job Title [[ChromeDriver: chrome on WINDOWS (d1f4d11b50a3e24498087c495b4f9685)] -> id: keywords]
2023-05-19 20:05:855 INFO  HomePage :60 - Enter the Location [[ChromeDriver: chrome on WINDOWS (d1f4d11b50a3e24498087c495b4f9685)] -> id: location]
2023-05-19 20:05:24 INFO  HomePage :66 - Select the distance [[ChromeDriver: chrome on WINDOWS (d1f4d11b50a3e24498087c495b4f9685)] -> id: distance]
2023-05-19 20:05:128 INFO  HomePage :71 - Click on More search option link [[ChromeDriver: chrome on WINDOWS (d1f4d11b50a3e24498087c495b4f9685)] -> id: toggle-hp-search]
2023-05-19 20:05:329 INFO  HomePage :76 - Enter Minimum Salary [[ChromeDriver: chrome on WINDOWS (d1f4d11b50a3e24498087c495b4f9685)] -> id: salarymin]
2023-05-19 20:05:444 INFO  HomePage :81 - Enter Maximum Salary [[ChromeDriver: chrome on WINDOWS (d1f4d11b50a3e24498087c495b4f9685)] -> id: salarymax]
2023-05-19 20:05:571 INFO  HomePage :86 - Select Salary Type[[ChromeDriver: chrome on WINDOWS (d1f4d11b50a3e24498087c495b4f9685)] -> id: salarytype]
2023-05-19 20:05:685 INFO  HomePage :91 - Select Job Type [[ChromeDriver: chrome on WINDOWS (d1f4d11b50a3e24498087c495b4f9685)] -> id: tempperm]
2023-05-19 20:05:792 INFO  HomePage :96 - Click on Find Job button [[ChromeDriver: chrome on WINDOWS (d1f4d11b50a3e24498087c495b4f9685)] -> xpath: //input[@value='Find Jobs']]
2023-05-19 20:05:176 INFO  HomePage :55 - Enter the Job Title [[ChromeDriver: chrome on WINDOWS (fba1b71292de2aa760e6662b17e25b5b)] -> id: keywords]
2023-05-19 20:05:300 INFO  HomePage :60 - Enter the Location [[ChromeDriver: chrome on WINDOWS (fba1b71292de2aa760e6662b17e25b5b)] -> id: location]
2023-05-19 20:05:432 INFO  HomePage :66 - Select the distance [[ChromeDriver: chrome on WINDOWS (fba1b71292de2aa760e6662b17e25b5b)] -> id: distance]
2023-05-19 20:05:525 INFO  HomePage :71 - Click on More search option link [[ChromeDriver: chrome on WINDOWS (fba1b71292de2aa760e6662b17e25b5b)] -> id: toggle-hp-search]
2023-05-19 20:05:685 INFO  HomePage :76 - Enter Minimum Salary [[ChromeDriver: chrome on WINDOWS (fba1b71292de2aa760e6662b17e25b5b)] -> id: salarymin]
2023-05-19 20:05:779 INFO  HomePage :81 - Enter Maximum Salary [[ChromeDriver: chrome on WINDOWS (fba1b71292de2aa760e6662b17e25b5b)] -> id: salarymax]
2023-05-19 20:05:879 INFO  HomePage :86 - Select Salary Type[[ChromeDriver: chrome on WINDOWS (fba1b71292de2aa760e6662b17e25b5b)] -> id: salarytype]
2023-05-19 20:05:974 INFO  HomePage :91 - Select Job Type [[ChromeDriver: chrome on WINDOWS (fba1b71292de2aa760e6662b17e25b5b)] -> id: tempperm]
2023-05-19 20:05:78 INFO  HomePage :96 - Click on Find Job button [[ChromeDriver: chrome on WINDOWS (fba1b71292de2aa760e6662b17e25b5b)] -> xpath: //input[@value='Find Jobs']]
2023-05-19 20:05:216 INFO  HomePage :55 - Enter the Job Title [[ChromeDriver: chrome on WINDOWS (801f17eeac697f93f82bbd9ef80a34a8)] -> id: keywords]
2023-05-19 20:05:361 INFO  HomePage :60 - Enter the Location [[ChromeDriver: chrome on WINDOWS (801f17eeac697f93f82bbd9ef80a34a8)] -> id: location]
2023-05-19 20:05:506 INFO  HomePage :66 - Select the distance [[ChromeDriver: chrome on WINDOWS (801f17eeac697f93f82bbd9ef80a34a8)] -> id: distance]
2023-05-19 20:05:732 INFO  HomePage :71 - Click on More search option link [[ChromeDriver: chrome on WINDOWS (801f17eeac697f93f82bbd9ef80a34a8)] -> id: toggle-hp-search]
2023-05-19 20:05:902 INFO  HomePage :76 - Enter Minimum Salary [[ChromeDriver: chrome on WINDOWS (801f17eeac697f93f82bbd9ef80a34a8)] -> id: salarymin]
2023-05-19 20:05:06 INFO  HomePage :81 - Enter Maximum Salary [[ChromeDriver: chrome on WINDOWS (801f17eeac697f93f82bbd9ef80a34a8)] -> id: salarymax]
2023-05-19 20:05:128 INFO  HomePage :86 - Select Salary Type[[ChromeDriver: chrome on WINDOWS (801f17eeac697f93f82bbd9ef80a34a8)] -> id: salarytype]
2023-05-19 20:05:229 INFO  HomePage :91 - Select Job Type [[ChromeDriver: chrome on WINDOWS (801f17eeac697f93f82bbd9ef80a34a8)] -> id: tempperm]
2023-05-19 20:05:337 INFO  HomePage :96 - Click on Find Job button [[ChromeDriver: chrome on WINDOWS (801f17eeac697f93f82bbd9ef80a34a8)] -> xpath: //input[@value='Find Jobs']]
2023-05-19 20:05:605 INFO  HomePage :55 - Enter the Job Title [[ChromeDriver: chrome on WINDOWS (418d3a312a76c34f1800d51419973da1)] -> id: keywords]
2023-05-19 20:05:753 INFO  HomePage :60 - Enter the Location [[ChromeDriver: chrome on WINDOWS (418d3a312a76c34f1800d51419973da1)] -> id: location]
2023-05-19 20:05:887 INFO  HomePage :66 - Select the distance [[ChromeDriver: chrome on WINDOWS (418d3a312a76c34f1800d51419973da1)] -> id: distance]
2023-05-19 20:05:972 INFO  HomePage :71 - Click on More search option link [[ChromeDriver: chrome on WINDOWS (418d3a312a76c34f1800d51419973da1)] -> id: toggle-hp-search]
2023-05-19 20:05:114 INFO  HomePage :76 - Enter Minimum Salary [[ChromeDriver: chrome on WINDOWS (418d3a312a76c34f1800d51419973da1)] -> id: salarymin]
2023-05-19 20:05:226 INFO  HomePage :81 - Enter Maximum Salary [[ChromeDriver: chrome on WINDOWS (418d3a312a76c34f1800d51419973da1)] -> id: salarymax]
2023-05-19 20:05:324 INFO  HomePage :86 - Select Salary Type[[ChromeDriver: chrome on WINDOWS (418d3a312a76c34f1800d51419973da1)] -> id: salarytype]
2023-05-19 20:05:410 INFO  HomePage :91 - Select Job Type [[ChromeDriver: chrome on WINDOWS (418d3a312a76c34f1800d51419973da1)] -> id: tempperm]
2023-05-19 20:05:501 INFO  HomePage :96 - Click on Find Job button [[ChromeDriver: chrome on WINDOWS (418d3a312a76c34f1800d51419973da1)] -> xpath: //input[@value='Find Jobs']]
2023-05-19 20:05:985 INFO  HomePage :55 - Enter the Job Title [[ChromeDriver: chrome on WINDOWS (8f462ad22188992888de79e5fc746ab0)] -> id: keywords]
2023-05-19 20:05:126 INFO  HomePage :60 - Enter the Location [[ChromeDriver: chrome on WINDOWS (8f462ad22188992888de79e5fc746ab0)] -> id: location]
2023-05-19 20:05:267 INFO  HomePage :66 - Select the distance [[ChromeDriver: chrome on WINDOWS (8f462ad22188992888de79e5fc746ab0)] -> id: distance]
2023-05-19 20:05:350 INFO  HomePage :71 - Click on More search option link [[ChromeDriver: chrome on WINDOWS (8f462ad22188992888de79e5fc746ab0)] -> id: toggle-hp-search]
2023-05-19 20:05:501 INFO  HomePage :76 - Enter Minimum Salary [[ChromeDriver: chrome on WINDOWS (8f462ad22188992888de79e5fc746ab0)] -> id: salarymin]
2023-05-19 20:05:614 INFO  HomePage :81 - Enter Maximum Salary [[ChromeDriver: chrome on WINDOWS (8f462ad22188992888de79e5fc746ab0)] -> id: salarymax]
2023-05-19 20:05:707 INFO  HomePage :86 - Select Salary Type[[ChromeDriver: chrome on WINDOWS (8f462ad22188992888de79e5fc746ab0)] -> id: salarytype]
2023-05-19 20:05:789 INFO  HomePage :91 - Select Job Type [[ChromeDriver: chrome on WINDOWS (8f462ad22188992888de79e5fc746ab0)] -> id: tempperm]
2023-05-19 20:05:896 INFO  HomePage :96 - Click on Find Job button [[ChromeDriver: chrome on WINDOWS (8f462ad22188992888de79e5fc746ab0)] -> xpath: //input[@value='Find Jobs']]
2023-05-19 20:05:171 INFO  HomePage :55 - Enter the Job Title [[ChromeDriver: chrome on WINDOWS (c224be98e3edf646dc7b4fb36a255118)] -> id: keywords]
2023-05-19 20:05:320 INFO  HomePage :60 - Enter the Location [[ChromeDriver: chrome on WINDOWS (c224be98e3edf646dc7b4fb36a255118)] -> id: location]
2023-05-19 20:05:402 INFO  HomePage :66 - Select the distance [[ChromeDriver: chrome on WINDOWS (c224be98e3edf646dc7b4fb36a255118)] -> id: distance]
2023-05-19 20:05:487 INFO  HomePage :71 - Click on More search option link [[ChromeDriver: chrome on WINDOWS (c224be98e3edf646dc7b4fb36a255118)] -> id: toggle-hp-search]
2023-05-19 20:05:642 INFO  HomePage :76 - Enter Minimum Salary [[ChromeDriver: chrome on WINDOWS (c224be98e3edf646dc7b4fb36a255118)] -> id: salarymin]
2023-05-19 20:05:732 INFO  HomePage :81 - Enter Maximum Salary [[ChromeDriver: chrome on WINDOWS (c224be98e3edf646dc7b4fb36a255118)] -> id: salarymax]
2023-05-19 20:05:856 INFO  HomePage :86 - Select Salary Type[[ChromeDriver: chrome on WINDOWS (c224be98e3edf646dc7b4fb36a255118)] -> id: salarytype]
2023-05-19 20:05:938 INFO  HomePage :91 - Select Job Type [[ChromeDriver: chrome on WINDOWS (c224be98e3edf646dc7b4fb36a255118)] -> id: tempperm]
2023-05-19 20:05:31 INFO  HomePage :96 - Click on Find Job button [[ChromeDriver: chrome on WINDOWS (c224be98e3edf646dc7b4fb36a255118)] -> xpath: //input[@value='Find Jobs']]
